2017/03/22 13:34:12 INFO  - jmeter.util.JMeterUtils: Setting Locale to en_IN 
2017/03/22 13:34:12 INFO  - jmeter.JMeter: Loading user properties from: /home/satya/Documents/softwares/apache-jmeter-3.1/bin/user.properties 
2017/03/22 13:34:12 INFO  - jmeter.JMeter: Loading system properties from: /home/satya/Documents/softwares/apache-jmeter-3.1/bin/system.properties 
2017/03/22 13:34:12 INFO  - jmeter.JMeter: Copyright (c) 1998-2016 The Apache Software Foundation 
2017/03/22 13:34:12 INFO  - jmeter.JMeter: Version 3.1 r1770033 
2017/03/22 13:34:12 INFO  - jmeter.JMeter: java.version=1.8.0_121 
2017/03/22 13:34:12 INFO  - jmeter.JMeter: java.vm.name=Java HotSpot(TM) 64-Bit Server VM 
2017/03/22 13:34:12 INFO  - jmeter.JMeter: os.name=Linux 
2017/03/22 13:34:12 INFO  - jmeter.JMeter: os.arch=amd64 
2017/03/22 13:34:12 INFO  - jmeter.JMeter: os.version=4.4.0-66-generic 
2017/03/22 13:34:12 INFO  - jmeter.JMeter: file.encoding=UTF-8 
2017/03/22 13:34:12 INFO  - jmeter.JMeter: Max memory     =1838153728 
2017/03/22 13:34:12 INFO  - jmeter.JMeter: Available Processors =4 
2017/03/22 13:34:12 INFO  - jmeter.JMeter: Default Locale=English (India) 
2017/03/22 13:34:12 INFO  - jmeter.JMeter: JMeter  Locale=English (India) 
2017/03/22 13:34:12 INFO  - jmeter.JMeter: JMeterHome=/home/satya/Documents/softwares/apache-jmeter-3.1 
2017/03/22 13:34:12 INFO  - jmeter.JMeter: user.dir  =/home/satya/FEPL_API_AUTOMATION/businesslayer-api 
2017/03/22 13:34:12 INFO  - jmeter.JMeter: PWD       =/home/satya/FEPL_API_AUTOMATION/businesslayer-api 
2017/03/22 13:34:12 INFO  - jmeter.JMeter: IP: 10.0.21.194 Name: satya-Inspiron-3542 FullName: satya-Inspiron-3542 
2017/03/22 13:34:12 INFO  - jmeter.services.FileServer: Default base='/home/satya/FEPL_API_AUTOMATION/businesslayer-api' 
2017/03/22 13:34:12 INFO  - jmeter.services.FileServer: Set new base='/home/satya/FEPL_API_AUTOMATION/businesslayer-api' 
2017/03/22 13:34:12 INFO  - jmeter.save.SaveService: Testplan (JMX) version: 2.2. Testlog (JTL) version: 2.2 
2017/03/22 13:34:12 INFO  - jmeter.save.SaveService: Using SaveService properties file encoding UTF-8 
2017/03/22 13:34:12 INFO  - jmeter.save.SaveService: Using SaveService properties version 3.1 
2017/03/22 13:34:12 INFO  - jmeter.save.SaveService: All converter versions present and correct 
2017/03/22 13:34:12 INFO  - jmeter.save.SaveService: Loading file: businesslayer-api.jmx 
2017/03/22 13:34:12 INFO  - jmeter.protocol.http.sampler.HTTPSamplerBase: Parser for text/html is org.apache.jmeter.protocol.http.parser.LagartoBasedHtmlParser 
2017/03/22 13:34:12 INFO  - jmeter.protocol.http.sampler.HTTPSamplerBase: Parser for application/xhtml+xml is org.apache.jmeter.protocol.http.parser.LagartoBasedHtmlParser 
2017/03/22 13:34:12 INFO  - jmeter.protocol.http.sampler.HTTPSamplerBase: Parser for application/xml is org.apache.jmeter.protocol.http.parser.LagartoBasedHtmlParser 
2017/03/22 13:34:12 INFO  - jmeter.protocol.http.sampler.HTTPSamplerBase: Parser for text/xml is org.apache.jmeter.protocol.http.parser.LagartoBasedHtmlParser 
2017/03/22 13:34:12 INFO  - jmeter.protocol.http.sampler.HTTPSamplerBase: Parser for text/vnd.wap.wml is org.apache.jmeter.protocol.http.parser.RegexpHTMLParser 
2017/03/22 13:34:12 INFO  - jmeter.protocol.http.sampler.HTTPSamplerBase: Parser for text/css is org.apache.jmeter.protocol.http.parser.CssParser 
2017/03/22 13:34:12 INFO  - jmeter.JMeter: Creating summariser <summary> 
2017/03/22 13:34:12 INFO  - jmeter.engine.DistributedRunner: Configuring remote engine: 127.0.0.1 
2017/03/22 13:34:13 INFO  - jmeter.engine.DistributedRunner: Starting remote engines 
2017/03/22 13:34:13 INFO  - jmeter.engine.DistributedRunner: Starting the test @ Wed Mar 22 13:34:13 IST 2017 (1490169853104) 
2017/03/22 13:34:13 INFO  - jmeter.engine.ClientJMeterEngine: running clientengine run method 
2017/03/22 13:34:13 INFO  - jmeter.engine.util.CompoundVariable: Note: Function class names must contain the string: '.functions.' 
2017/03/22 13:34:13 INFO  - jmeter.engine.util.CompoundVariable: Note: Function class names must not contain the string: '.gui.' 
2017/03/22 13:34:13 INFO  - jmeter.samplers.SampleEvent: List of sample_variables: [] 
2017/03/22 13:34:13 INFO  - jmeter.samplers.BatchSampleSender: Using batching (client settings) for this run. Thresholds: num=100, time=60000 
2017/03/22 13:34:13 INFO  - jmeter.samplers.DataStrippingSampleSender: Using DataStrippingSampleSender for this run 
2017/03/22 13:34:13 INFO  - jmeter.samplers.BatchSampleSender: Using batching (client settings) for this run. Thresholds: num=100, time=60000 
2017/03/22 13:34:13 INFO  - jmeter.samplers.DataStrippingSampleSender: Using DataStrippingSampleSender for this run 
2017/03/22 13:34:13 INFO  - jmeter.samplers.BatchSampleSender: Using batching (client settings) for this run. Thresholds: num=100, time=60000 
2017/03/22 13:34:13 INFO  - jmeter.samplers.DataStrippingSampleSender: Using DataStrippingSampleSender for this run 
2017/03/22 13:34:13 INFO  - jmeter.samplers.BatchSampleSender: Using batching (client settings) for this run. Thresholds: num=100, time=60000 
2017/03/22 13:34:13 INFO  - jmeter.samplers.DataStrippingSampleSender: Using DataStrippingSampleSender for this run 
2017/03/22 13:34:13 INFO  - jmeter.samplers.BatchSampleSender: Using batching (client settings) for this run. Thresholds: num=100, time=60000 
2017/03/22 13:34:13 INFO  - jmeter.samplers.DataStrippingSampleSender: Using DataStrippingSampleSender for this run 
2017/03/22 13:34:14 INFO  - jmeter.engine.ClientJMeterEngine: sent test to 127.0.0.1 basedir='.' 
2017/03/22 13:34:14 INFO  - jmeter.engine.ClientJMeterEngine: Sending properties {} 
2017/03/22 13:34:14 INFO  - jmeter.engine.ClientJMeterEngine: sent run command to 127.0.0.1 
2017/03/22 13:34:14 INFO  - jmeter.engine.DistributedRunner: Remote engines have been started 
2017/03/22 13:34:14 INFO  - jmeter.JMeter: Started remote host:  127.0.0.1 (1490169854164) 
2017/03/22 13:34:14 INFO  - jmeter.reporters.Summariser: summary =      0 in 00:00:00 = ******/s Avg:     0 Min: 9223372036854775807 Max: -9223372036854775808 Err:     0 (0.00%) 
2017/03/22 13:34:14 INFO  - jmeter.JMeter: Finished remote host: 127.0.0.1 (1490169854296) 
2017/03/22 13:34:19 INFO  - jmeter.JMeter: Interrupting RMI Reaper 
